<?xml version="1.0" encoding="UTF-8"?>
<!-- Generated by org.testng.reporters.JUnitXMLReporter -->
<testsuite hostname="User-PC" ignored="0" name="Test" tests="6" failures="0" timestamp="25 Sep 2020 14:22:02 GMT" time="0.08" errors="0">
  <testcase name="mobileTest" time="0.022" classname="qaclickacademy.mavenjava.appiumTest"/>
  <testcase name="samsung" time="0.0" classname="qaclickacademy.mavenjava.appiumTest"/>
  <testcase name="Postman" time="0.0" classname="qaclickacademy.mavenjava.restAssuredTest"/>
  <testcase name="restAPI" time="0.001" classname="qaclickacademy.mavenjava.restAssuredTest"/>
  <testcase name="Agile" time="0.0" classname="qaclickacademy.mavenjava.mobileTest"/>
  <testcase name="Jira" time="0.0" classname="qaclickacademy.mavenjava.mobileTest"/>
</testsuite> <!-- Test -->
