<?xml version="1.0" encoding="UTF-8"?>
<testsuite xmlns:xsi="http://www.w3.org/2001/XMLSchema-instance" xsi:noNamespaceSchemaLocation="https://maven.apache.org/surefire/maven-surefire-plugin/xsd/surefire-test-report-3.0.xsd" version="3.0" name="TestSuite" time="1.66" tests="6" errors="0" skipped="0" failures="0">
  <properties>
[...]
</properties>
  <testcase name="mobileTest" classname="qaclickacademy.mavenjava.appiumTest" time="0.002">
    <system-out><![CDATA[[TestNGContentHandler] [WARN] It is strongly recommended to add "<!DOCTYPE suite SYSTEM "http://testng.org/testng-1.0.dtd" >" at the top of your file, otherwise TestNG may fail or not work as expected.
mobile tests are running
]]></system-out>
  </testcase>
  <testcase name="samsung" classname="qaclickacademy.mavenjava.appiumTest" time="0.001">
    <system-out><![CDATA[Samsung mobile, realme
]]></system-out>
  </testcase>
  <testcase name="Postman" classname="qaclickacademy.mavenjava.restAssuredTest" time="0.001">
    <system-out><![CDATA[API Postman
]]></system-out>
  </testcase>
  <testcase name="restAPI" classname="qaclickacademy.mavenjava.restAssuredTest" time="0.002">
    <system-out><![CDATA[Rest Assured are running
]]></system-out>
  </testcase>
  <testcase name="Agile" classname="qaclickacademy.mavenjava.mobileTest" time="0.001">
    <system-out><![CDATA[JIRA tool
]]></system-out>
  </testcase>
  <testcase name="Jira" classname="qaclickacademy.mavenjava.mobileTest" time="0">
    <system-out><![CDATA[Qtest tool
]]></system-out>
  </testcase>
</testsuite>